********************************************************************************
DUPLICATOR-LITE PACKAGE-LOG: 1 May, 2019 8:12 am
NOTICE: Do NOT post to public sites or forums 
********************************************************************************
VERSION:	1.3.10
WORDPRESS:	5.1.1
PHP INFO:	7.1.27 | SAPI: apache2handler
SERVER:		Apache/2.4.38 (Win64) OpenSSL/1.0.2r PHP/7.1.27 
PHP TIME LIMIT: (0) no time limit imposed 
PHP MAX MEMORY: 4294967296 (128M default) 
MEMORY STACK: 4MB 

********************************************************************************
DATABASE:
********************************************************************************
BUILD MODE:   MYSQLDUMP
MYSQLTIMEOUT: 5000
MYSQLDUMP:    Is Supported 
SQL CREATED: 20190501_89s_18df0215803fa00a8431_20190501081213_database.sql 
SQL FILE SIZE: 628.95KB (644049) 
SQL FILE TIME: 2019-05-01 08:12:27 
SQL RUNTIME: 1.14 sec. 

******************************************************************************** 
ARCHIVE (ZIP): 
******************************************************************************** 
ARCHIVE DIR:  E:/xampp/htdocs/89s 
ARCHIVE FILE: 20190501_89s_18df0215803fa00a8431_20190501081213_archive.zip 
FILTERS: *OFF* 
DIRS:
	not set 
FILES:
	not set 
EXTS:  not set 
---------------------------------------- 
COMPRESSING 
SIZE:	84.97MB 
STATS:	Dirs 829 | Files 4,851 
SQL ADDED: 20190501_89s_18df0215803fa00a8431_20190501081213_database.sql 
ZipArchive Object
(
    [status] => 0
    [statusSys] => 0
    [numFiles] => 5680
    [filename] => E:\xampp\htdocs\89s\wp-snapshots\tmp\20190501_89s_18df0215803fa00a8431_20190501081213_archive.zip
    [comment] => 
)
 
FILE ADDED TO ZIP: 5679 
COMPRESSION RESULT: '1' 
COMPRESSED SIZE: 30.56MB 
ARCHIVE RUNTIME: 25.43 sec. 
MEMORY STACK: 6MB 
building installer 
add_extra_files1 
add_extra_files2 
add_extra_files3 
add_extra_files4 
Doing archive file check 
add_extra_files5 
add_extra_files6 
add_extra_files8 
Successfully opened zip E:/xampp/htdocs/89s/wp-snapshots/tmp/20190501_89s_18df0215803fa00a8431_20190501081213_archive.zip 
Adding enhanced installer files to archive using ZipArchive 
Installer files added to archive 
Added to archive 
After ziparchive close when adding installer 

******************************************************************************** 
INTEGRITY CHECKS: 
******************************************************************************** 
SQL FILE: 628.95KB 
INSTALLER FILE: 207.32KB 
ARCHIVE FILE: 31.52MB  
EXPECTED FILE/DIRECTORY COUNT: 5,680 
ACTUAL FILE/DIRECTORY COUNT: 5,679 
ARCHIVE CONSISTENCY TEST: Pass 

********************************************************************************
RECORD ID:[1]
TOTAL PROCESS RUNTIME: 28.32 sec.
PEAK PHP MEMORY USED: 6MB
DONE PROCESSING => 20190501_89s 1 May, 2019 8:12 am
 
